HoloGraphLibrary/build/outputs/logs/manifest-merger-debug-report.txt
-- Merging decision tree log ---
manifest
ADDED from CalorieTrackerr\HoloGraphLibrary\AndroidManifest.xml:1:1-4:12
INJECTED from CalorieTrackerr\HoloGraphLibrary\AndroidManifest.xml:1:1-4:12
INJECTED from CalorieTrackerr\HoloGraphLibrary\AndroidManifest.xml:1:1-4:12
	package
		ADDED from CalorieTrackerr\HoloGraphLibrary\AndroidManifest.xml:2:5-40
		INJECTED from CalorieTrackerr\HoloGraphLibrary\AndroidManifest.xml
		INJECTED from CalorieTrackerr\HoloGraphLibrary\AndroidManifest.xml
	xmlns:android
		ADDED from CalorieTrackerr\HoloGraphLibrary\AndroidManifest.xml:1:11-69
uses-sdk
INJECTED from CalorieTrackerr\HoloGraphLibrary\AndroidManifest.xml reason: use-sdk injection requested
INJECTED from CalorieTrackerr\HoloGraphLibrary\AndroidManifest.xml
INJECTED from CalorieTrackerr\HoloGraphLibrary\AndroidManifest.xml
INJECTED from CalorieTrackerr\HoloGraphLibrary\AndroidManifest.xml
INJECTED from CalorieTrackerr\HoloGraphLibrary\AndroidManifest.xml
	android:targetSdkVersion
		INJECTED from CalorieTrackerr\HoloGraphLibrary\AndroidManifest.xml
		ADDED from CalorieTrackerr\HoloGraphLibrary\AndroidManifest.xml
		INJECTED from CalorieTrackerr\HoloGraphLibrary\AndroidManifest.xml
	android:minSdkVersion
		INJECTED from CalorieTrackerr\HoloGraphLibrary\AndroidManifest.xml
		ADDED from CalorieTrackerr\HoloGraphLibrary\AndroidManifest.xml
		INJECTED from CalorieTrackerr\HoloGraphLibrary\AndroidManifest.xml